<?xml version="1.0" encoding="UTF-8"?>
<!-- Generated by org.testng.reporters.JUnitXMLReporter -->
<testsuite hostname="DESKTOP-STJGK76" ignored="0" name="Test" tests="6" failures="0" timestamp="08 Sep 2021 17:21:15 GMT" time="71.458" errors="0">
  <testcase name="testJbkTitle" time="5.388" classname="com.webapp.SeleniumTest.GoogleTest"/>
  <testcase name="testJbkTitle" time="13.875" classname="com.webapp.SeleniumTest.AmazonTest"/>
  <testcase name="testJbkTitleInvalid" time="18.655" classname="com.webapp.SeleniumTest.AmazonTest"/>
  <testcase name="testJbkTitlesubmit" time="4.482" classname="com.webapp.SeleniumTest.AmazonTest"/>
  <testcase name="testJbkTitlecheck" time="10.928" classname="com.webapp.SeleniumTest.AmazonTest"/>
  <testcase name="testJbkTitlescroll" time="10.223" classname="com.webapp.SeleniumTest.AmazonTest"/>
</testsuite> <!-- Test -->
